<?xml version="1.0" encoding="UTF-8"?>
<testng-results ignored="0" total="3" passed="3" failed="0" skipped="0">
  <reporter-output>
  </reporter-output>
  <suite started-at="2024-10-05T19:48:22 IST" name="Amazon Cross Browser Test" finished-at="2024-10-05T19:53:28 IST" duration-ms="306779">
    <groups>
    </groups>
    <test started-at="2024-10-05T19:48:22 IST" name="Chrome Test" finished-at="2024-10-05T19:52:28 IST" duration-ms="246729">
      <class name="testCase.AmazonTest">
        <test-method signature="testParallel(java.lang.String)[pri:0, instance:testCase.AmazonTest@3daa422a]" started-at="2024-10-05T19:48:22 IST" name="testParallel" finished-at="2024-10-05T19:52:28 IST" duration-ms="246225" status="PASS">
          <params>
            <param index="0">
              <value>
                <![CDATA[chrome]]>
              </value>
            </param>
          </params>
          <reporter-output>
          </reporter-output>
        </test-method> <!-- testParallel -->
      </class> <!-- testCase.AmazonTest -->
    </test> <!-- Chrome Test -->
    <test started-at="2024-10-05T19:48:22 IST" name="Edge Test" finished-at="2024-10-05T19:52:29 IST" duration-ms="246874">
      <class name="testCase.AmazonTest">
        <test-method signature="testParallel(java.lang.String)[pri:0, instance:testCase.AmazonTest@7b9a4292]" started-at="2024-10-05T19:48:22 IST" name="testParallel" finished-at="2024-10-05T19:52:29 IST" duration-ms="246694" status="PASS">
          <params>
            <param index="0">
              <value>
                <![CDATA[edge]]>
              </value>
            </param>
          </params>
          <reporter-output>
          </reporter-output>
        </test-method> <!-- testParallel -->
      </class> <!-- testCase.AmazonTest -->
    </test> <!-- Edge Test -->
    <test started-at="2024-10-05T19:48:22 IST" name="Firefox Test" finished-at="2024-10-05T19:53:28 IST" duration-ms="306779">
      <class name="testCase.AmazonTest">
        <test-method signature="testParallel(java.lang.String)[pri:0, instance:testCase.AmazonTest@4fb61f4a]" started-at="2024-10-05T19:48:22 IST" name="testParallel" finished-at="2024-10-05T19:53:28 IST" duration-ms="306604" status="PASS">
          <params>
            <param index="0">
              <value>
                <![CDATA[firefox]]>
              </value>
            </param>
          </params>
          <reporter-output>
          </reporter-output>
        </test-method> <!-- testParallel -->
      </class> <!-- testCase.AmazonTest -->
    </test> <!-- Firefox Test -->
  </suite> <!-- Amazon Cross Browser Test -->
</testng-results>
